[debug] [2025-08-23T02:36:11.529Z] ----------------------------------------------------------------------
[debug] [2025-08-23T02:36:11.530Z] Command:       /usr/local/bin/node /Users/humamal-nuaimi/AndroidStudioProjects/Rewin Webb/functions/node_modules/.bin/firebase functions:shell --project rewin-f4ca1
[debug] [2025-08-23T02:36:11.531Z] CLI Version:   14.14.0
[debug] [2025-08-23T02:36:11.531Z] Platform:      darwin
[debug] [2025-08-23T02:36:11.531Z] Node Version:  v22.17.1
[debug] [2025-08-23T02:36:11.531Z] Time:          Fri Aug 22 2025 21:36:11 GMT-0500 (Central Daylight Time)
[debug] [2025-08-23T02:36:11.531Z] ----------------------------------------------------------------------
[debug] 
[debug] [2025-08-23T02:36:11.639Z] > command requires scopes: ["email","openid","https://www.googleapis.com/auth/cloudplatformprojects.readonly","https://www.googleapis.com/auth/firebase","https://www.googleapis.com/auth/cloud-platform"]
[debug] [2025-08-23T02:36:11.639Z] > authorizing via signed-in user (sicario0o0o@gmail.com)
[debug] [2025-08-23T02:36:11.639Z] [iam] checking project rewin-f4ca1 for permissions ["firebase.projects.get"]
[debug] [2025-08-23T02:36:11.640Z] Checked if tokens are valid: true, expires at: 1755919322861
[debug] [2025-08-23T02:36:11.640Z] Checked if tokens are valid: true, expires at: 1755919322861
[debug] [2025-08-23T02:36:11.640Z] >>> [apiv2][query] POST https://cloudresourcemanager.googleapis.com/v1/projects/rewin-f4ca1:testIamPermissions [none]
[debug] [2025-08-23T02:36:11.640Z] >>> [apiv2][(partial)header] POST https://cloudresourcemanager.googleapis.com/v1/projects/rewin-f4ca1:testIamPermissions x-goog-quota-user=projects/rewin-f4ca1
[debug] [2025-08-23T02:36:11.640Z] >>> [apiv2][body] POST https://cloudresourcemanager.googleapis.com/v1/projects/rewin-f4ca1:testIamPermissions {"permissions":["firebase.projects.get"]}
[debug] [2025-08-23T02:36:11.780Z] <<< [apiv2][status] POST https://cloudresourcemanager.googleapis.com/v1/projects/rewin-f4ca1:testIamPermissions 200
[debug] [2025-08-23T02:36:11.780Z] <<< [apiv2][body] POST https://cloudresourcemanager.googleapis.com/v1/projects/rewin-f4ca1:testIamPermissions {"permissions":["firebase.projects.get"]}
[warn] ⚠  functions: Functions Emulator unable to start on port 5000, starting on 5001 instead. {"metadata":{"emulator":{"name":"functions"},"message":"Functions Emulator unable to start on port 5000, starting on 5001 instead."}}
[debug] [2025-08-23T02:36:11.985Z] [functions] Functions Emulator only supports listening on one address (127.0.0.1). Not listening on ::1
[warn] ⚠  functions: Application Default Credentials detected. Non-emulated services will access production using these credentials. Be careful! {"metadata":{"emulator":{"name":"functions"},"message":"Application Default Credentials detected. Non-emulated services will access production using these credentials. Be careful!"}}
[debug] [2025-08-23T02:36:11.988Z] Checked if tokens are valid: true, expires at: 1755919322861
[debug] [2025-08-23T02:36:11.988Z] Checked if tokens are valid: true, expires at: 1755919322861
[debug] [2025-08-23T02:36:11.988Z] >>> [apiv2][query] GET https://firebase.googleapis.com/v1beta1/projects/rewin-f4ca1/adminSdkConfig [none]
[debug] [2025-08-23T02:36:12.217Z] <<< [apiv2][status] GET https://firebase.googleapis.com/v1beta1/projects/rewin-f4ca1/adminSdkConfig 200
[debug] [2025-08-23T02:36:12.217Z] <<< [apiv2][body] GET https://firebase.googleapis.com/v1beta1/projects/rewin-f4ca1/adminSdkConfig {"projectId":"rewin-f4ca1","databaseURL":"https://rewin-f4ca1-default-rtdb.firebaseio.com","storageBucket":"rewin-f4ca1.firebasestorage.app"}
[debug] [2025-08-23T02:36:12.227Z] [functions] Watching "/Users/humamal-nuaimi/AndroidStudioProjects/Rewin Webb/functions" for Cloud Functions...
[debug] [2025-08-23T02:36:12.230Z] Validating nodejs source
[warn] ⚠  functions: package.json indicates an outdated version of firebase-functions. Please upgrade using npm install --save firebase-functions@latest in your functions directory. 
[warn] ⚠  functions: Please note that there will be breaking changes when you upgrade. 
[debug] [2025-08-23T02:36:12.561Z] > [functions] package.json contents: {
  "name": "functions",
  "version": "1.0.0",
  "main": "index.js",
  "scripts": {
    "serve": "firebase emulators:start --only functions",
    "shell": "firebase functions:shell",
    "start": "npm run shell",
    "deploy": "firebase deploy --only functions",
    "logs": "firebase functions:log"
  },
  "engines": {
    "node": "18"
  },
  "keywords": [
    "firebase",
    "functions",
    "campaigns",
    "automation"
  ],
  "author": "Rewin Team",
  "license": "ISC",
  "description": "Firebase Cloud Functions for automated campaign processing",
  "dependencies": {
    "firebase-admin": "^11.11.1",
    "firebase-functions": "^4.9.0"
  },
  "devDependencies": {
    "firebase-tools": "^14.14.0"
  }
}
[debug] [2025-08-23T02:36:12.561Z] Building nodejs source
[debug] [2025-08-23T02:36:12.561Z] Failed to find version of module node: reached end of search path /Users/humamal-nuaimi/AndroidStudioProjects/Rewin Webb/functions/node_modules
[warn] ⚠  functions: Your requested "node" version "18" doesn't match your global version "22". Using node@22 from host. 
[info] i  functions: You are using a version of firebase-functions SDK (4.9.0) that does not have support for the newest Firebase Extensions features. Please update firebase-functions SDK to >=5.1.0 to use them correctly 
[debug] [2025-08-23T02:36:12.562Z] Could not find functions.yaml. Must use http discovery
[debug] [2025-08-23T02:36:12.567Z] Found firebase-functions binary at '/Users/humamal-nuaimi/AndroidStudioProjects/Rewin Webb/functions/node_modules/.bin/firebase-functions'
[info] Serving at port 8992

[debug] [2025-08-23T02:36:12.763Z] Got response from /__/functions.yaml {"endpoints":{"processCampaigns":{"platform":"gcfv1","availableMemoryMb":null,"timeoutSeconds":null,"minInstances":null,"maxInstances":null,"ingressSettings":null,"serviceAccountEmail":null,"vpc":null,"scheduleTrigger":{"schedule":"0 * * * *","retryConfig":{"retryCount":null,"maxDoublings":null,"maxRetryDuration":null,"maxBackoffDuration":null,"minBackoffDuration":null},"timeZone":null},"labels":{},"entryPoint":"processCampaigns"}},"specVersion":"v1alpha1","requiredAPIs":[{"api":"cloudscheduler.googleapis.com","reason":"Needed for scheduled functions."}]}
[debug] [2025-08-23T02:36:16.781Z] [functions] Loaded functions definitions from source: processCampaigns.
[debug] [2025-08-23T02:36:16.782Z] [functions[us-central1-processCampaigns]] function ignored because the pubsub emulator does not exist or is not running.
[info] i  functions: Loaded functions: processCampaigns 
[warn] ⚠  functions: The following emulators are not running, calls to these services will affect production: firestore, database, pubsub, storage, eventarc, tasks 
[debug] [2025-08-23T02:44:55.168Z] DEBUG: File /Users/humamal-nuaimi/AndroidStudioProjects/Rewin Webb/functions/campaignProcessor.js changed, reloading triggers
[debug] [2025-08-23T02:44:56.175Z] Validating nodejs source
[warn] ⚠  functions: package.json indicates an outdated version of firebase-functions. Please upgrade using npm install --save firebase-functions@latest in your functions directory. 
[warn] ⚠  functions: Please note that there will be breaking changes when you upgrade. 
[debug] [2025-08-23T02:44:56.695Z] > [functions] package.json contents: {
  "name": "functions",
  "version": "1.0.0",
  "main": "index.js",
  "scripts": {
    "serve": "firebase emulators:start --only functions",
    "shell": "firebase functions:shell",
    "start": "npm run shell",
    "deploy": "firebase deploy --only functions",
    "logs": "firebase functions:log"
  },
  "engines": {
    "node": "18"
  },
  "keywords": [
    "firebase",
    "functions",
    "campaigns",
    "automation"
  ],
  "author": "Rewin Team",
  "license": "ISC",
  "description": "Firebase Cloud Functions for automated campaign processing",
  "dependencies": {
    "firebase-admin": "^11.11.1",
    "firebase-functions": "^4.9.0"
  },
  "devDependencies": {
    "firebase-tools": "^14.14.0"
  }
}
[debug] [2025-08-23T02:44:56.695Z] Building nodejs source
[debug] [2025-08-23T02:44:56.695Z] Failed to find version of module node: reached end of search path /Users/humamal-nuaimi/AndroidStudioProjects/Rewin Webb/functions/node_modules
[warn] ⚠  functions: Your requested "node" version "18" doesn't match your global version "22". Using node@22 from host. 
[info] i  functions: You are using a version of firebase-functions SDK (4.9.0) that does not have support for the newest Firebase Extensions features. Please update firebase-functions SDK to >=5.1.0 to use them correctly 
[debug] [2025-08-23T02:44:56.696Z] Could not find functions.yaml. Must use http discovery
[debug] [2025-08-23T02:44:56.697Z] Found firebase-functions binary at '/Users/humamal-nuaimi/AndroidStudioProjects/Rewin Webb/functions/node_modules/.bin/firebase-functions'
[info] Serving at port 8528

[debug] [2025-08-23T02:44:56.979Z] Got response from /__/functions.yaml {"endpoints":{"processCampaigns":{"platform":"gcfv1","availableMemoryMb":null,"timeoutSeconds":null,"minInstances":null,"maxInstances":null,"ingressSettings":null,"serviceAccountEmail":null,"vpc":null,"scheduleTrigger":{"schedule":"0 * * * *","retryConfig":{"retryCount":null,"maxDoublings":null,"maxRetryDuration":null,"maxBackoffDuration":null,"minBackoffDuration":null},"timeZone":null},"labels":{},"entryPoint":"processCampaigns"}},"specVersion":"v1alpha1","requiredAPIs":[{"api":"cloudscheduler.googleapis.com","reason":"Needed for scheduled functions."}]}
[debug] [2025-08-23T02:45:00.997Z] [functions] Loaded functions definitions from source: processCampaigns.
[debug] [2025-08-23T02:49:26.685Z] DEBUG: File /Users/humamal-nuaimi/AndroidStudioProjects/Rewin Webb/functions/campaignProcessor.js changed, reloading triggers
[debug] [2025-08-23T02:49:27.696Z] Validating nodejs source
[warn] ⚠  functions: package.json indicates an outdated version of firebase-functions. Please upgrade using npm install --save firebase-functions@latest in your functions directory. 
[warn] ⚠  functions: Please note that there will be breaking changes when you upgrade. 
[debug] [2025-08-23T02:49:28.144Z] > [functions] package.json contents: {
  "name": "functions",
  "version": "1.0.0",
  "main": "index.js",
  "scripts": {
    "serve": "firebase emulators:start --only functions",
    "shell": "firebase functions:shell",
    "start": "npm run shell",
    "deploy": "firebase deploy --only functions",
    "logs": "firebase functions:log"
  },
  "engines": {
    "node": "18"
  },
  "keywords": [
    "firebase",
    "functions",
    "campaigns",
    "automation"
  ],
  "author": "Rewin Team",
  "license": "ISC",
  "description": "Firebase Cloud Functions for automated campaign processing",
  "dependencies": {
    "firebase-admin": "^11.11.1",
    "firebase-functions": "^4.9.0"
  },
  "devDependencies": {
    "firebase-tools": "^14.14.0"
  }
}
[debug] [2025-08-23T02:49:28.144Z] Building nodejs source
[debug] [2025-08-23T02:49:28.144Z] Failed to find version of module node: reached end of search path /Users/humamal-nuaimi/AndroidStudioProjects/Rewin Webb/functions/node_modules
[warn] ⚠  functions: Your requested "node" version "18" doesn't match your global version "22". Using node@22 from host. 
[info] i  functions: You are using a version of firebase-functions SDK (4.9.0) that does not have support for the newest Firebase Extensions features. Please update firebase-functions SDK to >=5.1.0 to use them correctly 
[debug] [2025-08-23T02:49:28.144Z] Could not find functions.yaml. Must use http discovery
[debug] [2025-08-23T02:49:28.146Z] Found firebase-functions binary at '/Users/humamal-nuaimi/AndroidStudioProjects/Rewin Webb/functions/node_modules/.bin/firebase-functions'
[info] Serving at port 8459

[debug] [2025-08-23T02:49:28.396Z] Got response from /__/functions.yaml {"endpoints":{"processCampaigns":{"platform":"gcfv1","availableMemoryMb":null,"timeoutSeconds":null,"minInstances":null,"maxInstances":null,"ingressSettings":null,"serviceAccountEmail":null,"vpc":null,"scheduleTrigger":{"schedule":"0 * * * *","retryConfig":{"retryCount":null,"maxDoublings":null,"maxRetryDuration":null,"maxBackoffDuration":null,"minBackoffDuration":null},"timeZone":null},"labels":{},"entryPoint":"processCampaigns"}},"specVersion":"v1alpha1","requiredAPIs":[{"api":"cloudscheduler.googleapis.com","reason":"Needed for scheduled functions."}]}
[debug] [2025-08-23T02:49:32.411Z] [functions] Loaded functions definitions from source: processCampaigns.
[debug] [2025-08-23T02:52:24.879Z] DEBUG: File /Users/humamal-nuaimi/AndroidStudioProjects/Rewin Webb/functions/campaignProcessor.js changed, reloading triggers
[debug] [2025-08-23T02:52:25.882Z] Validating nodejs source
[warn] ⚠  functions: package.json indicates an outdated version of firebase-functions. Please upgrade using npm install --save firebase-functions@latest in your functions directory. 
[warn] ⚠  functions: Please note that there will be breaking changes when you upgrade. 
[debug] [2025-08-23T02:52:26.380Z] > [functions] package.json contents: {
  "name": "functions",
  "version": "1.0.0",
  "main": "index.js",
  "scripts": {
    "serve": "firebase emulators:start --only functions",
    "shell": "firebase functions:shell",
    "start": "npm run shell",
    "deploy": "firebase deploy --only functions",
    "logs": "firebase functions:log"
  },
  "engines": {
    "node": "18"
  },
  "keywords": [
    "firebase",
    "functions",
    "campaigns",
    "automation"
  ],
  "author": "Rewin Team",
  "license": "ISC",
  "description": "Firebase Cloud Functions for automated campaign processing",
  "dependencies": {
    "firebase-admin": "^11.11.1",
    "firebase-functions": "^4.9.0"
  },
  "devDependencies": {
    "firebase-tools": "^14.14.0"
  }
}
[debug] [2025-08-23T02:52:26.380Z] Building nodejs source
[debug] [2025-08-23T02:52:26.380Z] Failed to find version of module node: reached end of search path /Users/humamal-nuaimi/AndroidStudioProjects/Rewin Webb/functions/node_modules
[warn] ⚠  functions: Your requested "node" version "18" doesn't match your global version "22". Using node@22 from host. 
[info] i  functions: You are using a version of firebase-functions SDK (4.9.0) that does not have support for the newest Firebase Extensions features. Please update firebase-functions SDK to >=5.1.0 to use them correctly 
[debug] [2025-08-23T02:52:26.382Z] Could not find functions.yaml. Must use http discovery
[debug] [2025-08-23T02:52:26.383Z] Found firebase-functions binary at '/Users/humamal-nuaimi/AndroidStudioProjects/Rewin Webb/functions/node_modules/.bin/firebase-functions'
[info] Serving at port 8016

[debug] [2025-08-23T02:52:26.628Z] Got response from /__/functions.yaml {"endpoints":{"processCampaigns":{"platform":"gcfv1","availableMemoryMb":null,"timeoutSeconds":null,"minInstances":null,"maxInstances":null,"ingressSettings":null,"serviceAccountEmail":null,"vpc":null,"scheduleTrigger":{"schedule":"0 * * * *","retryConfig":{"retryCount":null,"maxDoublings":null,"maxRetryDuration":null,"maxBackoffDuration":null,"minBackoffDuration":null},"timeZone":null},"labels":{},"entryPoint":"processCampaigns"}},"specVersion":"v1alpha1","requiredAPIs":[{"api":"cloudscheduler.googleapis.com","reason":"Needed for scheduled functions."}]}
[debug] [2025-08-23T02:52:30.637Z] [functions] Loaded functions definitions from source: processCampaigns.
[debug] [2025-08-23T03:21:25.143Z] DEBUG: File /Users/humamal-nuaimi/AndroidStudioProjects/Rewin Webb/functions/campaignProcessor.js changed, reloading triggers
[debug] [2025-08-23T03:21:26.145Z] Validating nodejs source
[warn] ⚠  functions: package.json indicates an outdated version of firebase-functions. Please upgrade using npm install --save firebase-functions@latest in your functions directory. 
[warn] ⚠  functions: Please note that there will be breaking changes when you upgrade. 
[debug] [2025-08-23T03:21:26.667Z] > [functions] package.json contents: {
  "name": "functions",
  "version": "1.0.0",
  "main": "index.js",
  "scripts": {
    "serve": "firebase emulators:start --only functions",
    "shell": "firebase functions:shell",
    "start": "npm run shell",
    "deploy": "firebase deploy --only functions",
    "logs": "firebase functions:log"
  },
  "engines": {
    "node": "18"
  },
  "keywords": [
    "firebase",
    "functions",
    "campaigns",
    "automation"
  ],
  "author": "Rewin Team",
  "license": "ISC",
  "description": "Firebase Cloud Functions for automated campaign processing",
  "dependencies": {
    "firebase-admin": "^11.11.1",
    "firebase-functions": "^4.9.0"
  },
  "devDependencies": {
    "firebase-tools": "^14.14.0"
  }
}
[debug] [2025-08-23T03:21:26.667Z] Building nodejs source
[debug] [2025-08-23T03:21:26.667Z] Failed to find version of module node: reached end of search path /Users/humamal-nuaimi/AndroidStudioProjects/Rewin Webb/functions/node_modules
[warn] ⚠  functions: Your requested "node" version "18" doesn't match your global version "22". Using node@22 from host. 
[info] i  functions: You are using a version of firebase-functions SDK (4.9.0) that does not have support for the newest Firebase Extensions features. Please update firebase-functions SDK to >=5.1.0 to use them correctly 
[debug] [2025-08-23T03:21:26.668Z] Could not find functions.yaml. Must use http discovery
[debug] [2025-08-23T03:21:26.670Z] Found firebase-functions binary at '/Users/humamal-nuaimi/AndroidStudioProjects/Rewin Webb/functions/node_modules/.bin/firebase-functions'
[info] Serving at port 8821

[debug] [2025-08-23T03:21:26.956Z] Got response from /__/functions.yaml {"endpoints":{"processCampaigns":{"platform":"gcfv1","availableMemoryMb":null,"timeoutSeconds":null,"minInstances":null,"maxInstances":null,"ingressSettings":null,"serviceAccountEmail":null,"vpc":null,"scheduleTrigger":{"schedule":"0 * * * *","retryConfig":{"retryCount":null,"maxDoublings":null,"maxRetryDuration":null,"maxBackoffDuration":null,"minBackoffDuration":null},"timeZone":null},"labels":{},"entryPoint":"processCampaigns"}},"specVersion":"v1alpha1","requiredAPIs":[{"api":"cloudscheduler.googleapis.com","reason":"Needed for scheduled functions."}]}
[debug] [2025-08-23T03:21:30.177Z] DEBUG: File /Users/humamal-nuaimi/AndroidStudioProjects/Rewin Webb/functions/index.js changed, reloading triggers
[debug] [2025-08-23T03:21:30.970Z] [functions] Loaded functions definitions from source: processCampaigns.
[debug] [2025-08-23T03:21:31.179Z] Validating nodejs source
[warn] ⚠  functions: package.json indicates an outdated version of firebase-functions. Please upgrade using npm install --save firebase-functions@latest in your functions directory. 
[warn] ⚠  functions: Please note that there will be breaking changes when you upgrade. 
[debug] [2025-08-23T03:21:31.528Z] > [functions] package.json contents: {
  "name": "functions",
  "version": "1.0.0",
  "main": "index.js",
  "scripts": {
    "serve": "firebase emulators:start --only functions",
    "shell": "firebase functions:shell",
    "start": "npm run shell",
    "deploy": "firebase deploy --only functions",
    "logs": "firebase functions:log"
  },
  "engines": {
    "node": "18"
  },
  "keywords": [
    "firebase",
    "functions",
    "campaigns",
    "automation"
  ],
  "author": "Rewin Team",
  "license": "ISC",
  "description": "Firebase Cloud Functions for automated campaign processing",
  "dependencies": {
    "firebase-admin": "^11.11.1",
    "firebase-functions": "^4.9.0"
  },
  "devDependencies": {
    "firebase-tools": "^14.14.0"
  }
}
[debug] [2025-08-23T03:21:31.528Z] Building nodejs source
[debug] [2025-08-23T03:21:31.529Z] Failed to find version of module node: reached end of search path /Users/humamal-nuaimi/AndroidStudioProjects/Rewin Webb/functions/node_modules
[warn] ⚠  functions: Your requested "node" version "18" doesn't match your global version "22". Using node@22 from host. 
[info] i  functions: You are using a version of firebase-functions SDK (4.9.0) that does not have support for the newest Firebase Extensions features. Please update firebase-functions SDK to >=5.1.0 to use them correctly 
[debug] [2025-08-23T03:21:31.529Z] Could not find functions.yaml. Must use http discovery
[debug] [2025-08-23T03:21:31.530Z] Found firebase-functions binary at '/Users/humamal-nuaimi/AndroidStudioProjects/Rewin Webb/functions/node_modules/.bin/firebase-functions'
[info] Serving at port 8840

[debug] [2025-08-23T03:21:31.691Z] Got response from /__/functions.yaml {"endpoints":{"processCampaigns":{"platform":"gcfv1","availableMemoryMb":null,"timeoutSeconds":null,"minInstances":null,"maxInstances":null,"ingressSettings":null,"serviceAccountEmail":null,"vpc":null,"scheduleTrigger":{"schedule":"0 * * * *","retryConfig":{"retryCount":null,"maxDoublings":null,"maxRetryDuration":null,"maxBackoffDuration":null,"minBackoffDuration":null},"timeZone":null},"labels":{},"entryPoint":"processCampaigns"},"processCampaignsManual":{"platform":"gcfv1","labels":{},"availableMemoryMb":null,"timeoutSeconds":null,"minInstances":null,"maxInstances":null,"ingressSettings":null,"serviceAccountEmail":null,"vpc":null,"callableTrigger":{},"entryPoint":"processCampaignsManual"}},"specVersion":"v1alpha1","requiredAPIs":[{"api":"cloudscheduler.googleapis.com","reason":"Needed for scheduled functions."}]}
[debug] [2025-08-23T03:21:35.705Z] [functions] Loaded functions definitions from source: processCampaigns, processCampaignsManual.
[debug] [2025-08-23T03:21:35.706Z] [functions[us-central1-processCampaignsManual]] http function initialized (http://127.0.0.1:5001/rewin-f4ca1/us-central1/processCampaignsManual).
[debug] [2025-08-23T03:24:22.242Z] DEBUG: File /Users/humamal-nuaimi/AndroidStudioProjects/Rewin Webb/functions/index.js changed, reloading triggers
[debug] [2025-08-23T03:24:23.248Z] Validating nodejs source
[warn] ⚠  functions: package.json indicates an outdated version of firebase-functions. Please upgrade using npm install --save firebase-functions@latest in your functions directory. 
[warn] ⚠  functions: Please note that there will be breaking changes when you upgrade. 
[debug] [2025-08-23T03:24:23.744Z] > [functions] package.json contents: {
  "name": "functions",
  "version": "1.0.0",
  "main": "index.js",
  "scripts": {
    "serve": "firebase emulators:start --only functions",
    "shell": "firebase functions:shell",
    "start": "npm run shell",
    "deploy": "firebase deploy --only functions",
    "logs": "firebase functions:log"
  },
  "engines": {
    "node": "18"
  },
  "keywords": [
    "firebase",
    "functions",
    "campaigns",
    "automation"
  ],
  "author": "Rewin Team",
  "license": "ISC",
  "description": "Firebase Cloud Functions for automated campaign processing",
  "dependencies": {
    "firebase-admin": "^11.11.1",
    "firebase-functions": "^4.9.0"
  },
  "devDependencies": {
    "firebase-tools": "^14.14.0"
  }
}
[debug] [2025-08-23T03:24:23.744Z] Building nodejs source
[debug] [2025-08-23T03:24:23.744Z] Failed to find version of module node: reached end of search path /Users/humamal-nuaimi/AndroidStudioProjects/Rewin Webb/functions/node_modules
[warn] ⚠  functions: Your requested "node" version "18" doesn't match your global version "22". Using node@22 from host. 
[info] i  functions: You are using a version of firebase-functions SDK (4.9.0) that does not have support for the newest Firebase Extensions features. Please update firebase-functions SDK to >=5.1.0 to use them correctly 
[debug] [2025-08-23T03:24:23.745Z] Could not find functions.yaml. Must use http discovery
[debug] [2025-08-23T03:24:23.746Z] Found firebase-functions binary at '/Users/humamal-nuaimi/AndroidStudioProjects/Rewin Webb/functions/node_modules/.bin/firebase-functions'
[info] Serving at port 8506

[debug] [2025-08-23T03:24:24.008Z] Got response from /__/functions.yaml {"endpoints":{"processCampaignsManual":{"platform":"gcfv1","labels":{},"availableMemoryMb":null,"timeoutSeconds":null,"minInstances":null,"maxInstances":null,"ingressSettings":null,"serviceAccountEmail":null,"vpc":null,"callableTrigger":{},"entryPoint":"processCampaignsManual"},"processCampaigns":{"platform":"gcfv1","availableMemoryMb":null,"timeoutSeconds":null,"minInstances":null,"maxInstances":null,"ingressSettings":null,"serviceAccountEmail":null,"vpc":null,"scheduleTrigger":{"schedule":"0 * * * *","retryConfig":{"retryCount":null,"maxDoublings":null,"maxRetryDuration":null,"maxBackoffDuration":null,"minBackoffDuration":null},"timeZone":null},"labels":{},"entryPoint":"processCampaigns"}},"specVersion":"v1alpha1","requiredAPIs":[{"api":"cloudscheduler.googleapis.com","reason":"Needed for scheduled functions."}]}
[debug] [2025-08-23T03:24:28.016Z] [functions] Loaded functions definitions from source: processCampaignsManual, processCampaigns.
[debug] [2025-08-23T03:25:33.661Z] DEBUG: File /Users/humamal-nuaimi/AndroidStudioProjects/Rewin Webb/functions/index.js changed, reloading triggers
[debug] [2025-08-23T03:25:34.663Z] Validating nodejs source
[warn] ⚠  functions: package.json indicates an outdated version of firebase-functions. Please upgrade using npm install --save firebase-functions@latest in your functions directory. 
[warn] ⚠  functions: Please note that there will be breaking changes when you upgrade. 
[debug] [2025-08-23T03:25:35.196Z] > [functions] package.json contents: {
  "name": "functions",
  "version": "1.0.0",
  "main": "index.js",
  "scripts": {
    "serve": "firebase emulators:start --only functions",
    "shell": "firebase functions:shell",
    "start": "npm run shell",
    "deploy": "firebase deploy --only functions",
    "logs": "firebase functions:log"
  },
  "engines": {
    "node": "18"
  },
  "keywords": [
    "firebase",
    "functions",
    "campaigns",
    "automation"
  ],
  "author": "Rewin Team",
  "license": "ISC",
  "description": "Firebase Cloud Functions for automated campaign processing",
  "dependencies": {
    "firebase-admin": "^11.11.1",
    "firebase-functions": "^4.9.0"
  },
  "devDependencies": {
    "firebase-tools": "^14.14.0"
  }
}
[debug] [2025-08-23T03:25:35.196Z] Building nodejs source
[debug] [2025-08-23T03:25:35.196Z] Failed to find version of module node: reached end of search path /Users/humamal-nuaimi/AndroidStudioProjects/Rewin Webb/functions/node_modules
[warn] ⚠  functions: Your requested "node" version "18" doesn't match your global version "22". Using node@22 from host. 
[info] i  functions: You are using a version of firebase-functions SDK (4.9.0) that does not have support for the newest Firebase Extensions features. Please update firebase-functions SDK to >=5.1.0 to use them correctly 
[debug] [2025-08-23T03:25:35.196Z] Could not find functions.yaml. Must use http discovery
[debug] [2025-08-23T03:25:35.197Z] Found firebase-functions binary at '/Users/humamal-nuaimi/AndroidStudioProjects/Rewin Webb/functions/node_modules/.bin/firebase-functions'
[info] Serving at port 8476

[debug] [2025-08-23T03:25:35.458Z] Got response from /__/functions.yaml {"endpoints":{"processCampaignsManual":{"platform":"gcfv1","labels":{},"availableMemoryMb":null,"timeoutSeconds":null,"minInstances":null,"maxInstances":null,"ingressSettings":null,"serviceAccountEmail":null,"vpc":null,"callableTrigger":{},"entryPoint":"processCampaignsManual"},"processCampaigns":{"platform":"gcfv1","availableMemoryMb":null,"timeoutSeconds":null,"minInstances":null,"maxInstances":null,"ingressSettings":null,"serviceAccountEmail":null,"vpc":null,"scheduleTrigger":{"schedule":"0 * * * *","retryConfig":{"retryCount":null,"maxDoublings":null,"maxRetryDuration":null,"maxBackoffDuration":null,"minBackoffDuration":null},"timeZone":null},"labels":{},"entryPoint":"processCampaigns"}},"specVersion":"v1alpha1","requiredAPIs":[{"api":"cloudscheduler.googleapis.com","reason":"Needed for scheduled functions."}]}
[debug] [2025-08-23T03:25:39.474Z] [functions] Loaded functions definitions from source: processCampaignsManual, processCampaigns.
[debug] [2025-08-23T03:50:47.402Z] DEBUG: File /Users/humamal-nuaimi/AndroidStudioProjects/Rewin Webb/functions/index.js changed, reloading triggers
[debug] [2025-08-23T03:50:48.405Z] Validating nodejs source
[warn] ⚠  functions: package.json indicates an outdated version of firebase-functions. Please upgrade using npm install --save firebase-functions@latest in your functions directory. 
[warn] ⚠  functions: Please note that there will be breaking changes when you upgrade. 
[debug] [2025-08-23T03:50:48.916Z] > [functions] package.json contents: {
  "name": "functions",
  "version": "1.0.0",
  "main": "index.js",
  "scripts": {
    "serve": "firebase emulators:start --only functions",
    "shell": "firebase functions:shell",
    "start": "npm run shell",
    "deploy": "firebase deploy --only functions",
    "logs": "firebase functions:log"
  },
  "engines": {
    "node": "18"
  },
  "keywords": [
    "firebase",
    "functions",
    "campaigns",
    "automation"
  ],
  "author": "Rewin Team",
  "license": "ISC",
  "description": "Firebase Cloud Functions for automated campaign processing",
  "dependencies": {
    "firebase-admin": "^11.11.1",
    "firebase-functions": "^4.9.0"
  },
  "devDependencies": {
    "firebase-tools": "^14.14.0"
  }
}
[debug] [2025-08-23T03:50:48.916Z] Building nodejs source
[debug] [2025-08-23T03:50:48.917Z] Failed to find version of module node: reached end of search path /Users/humamal-nuaimi/AndroidStudioProjects/Rewin Webb/functions/node_modules
[warn] ⚠  functions: Your requested "node" version "18" doesn't match your global version "22". Using node@22 from host. 
[info] i  functions: You are using a version of firebase-functions SDK (4.9.0) that does not have support for the newest Firebase Extensions features. Please update firebase-functions SDK to >=5.1.0 to use them correctly 
[debug] [2025-08-23T03:50:48.917Z] Could not find functions.yaml. Must use http discovery
[debug] [2025-08-23T03:50:48.918Z] Found firebase-functions binary at '/Users/humamal-nuaimi/AndroidStudioProjects/Rewin Webb/functions/node_modules/.bin/firebase-functions'
[info] Serving at port 8421

[debug] [2025-08-23T03:50:49.307Z] Got response from /__/functions.yaml {"endpoints":{"processCampaignsManual":{"platform":"gcfv1","labels":{},"availableMemoryMb":null,"timeoutSeconds":null,"minInstances":null,"maxInstances":null,"ingressSettings":null,"serviceAccountEmail":null,"vpc":null,"callableTrigger":{},"entryPoint":"processCampaignsManual"},"processCampaigns":{"platform":"gcfv1","availableMemoryMb":null,"timeoutSeconds":null,"minInstances":null,"maxInstances":null,"ingressSettings":null,"serviceAccountEmail":null,"vpc":null,"scheduleTrigger":{"schedule":"0 * * * *","retryConfig":{"retryCount":null,"maxDoublings":null,"maxRetryDuration":null,"maxBackoffDuration":null,"minBackoffDuration":null},"timeZone":null},"labels":{},"entryPoint":"processCampaigns"}},"specVersion":"v1alpha1","requiredAPIs":[{"api":"cloudscheduler.googleapis.com","reason":"Needed for scheduled functions."}]}
[debug] [2025-08-23T03:50:53.316Z] [functions] Loaded functions definitions from source: processCampaignsManual, processCampaigns.
[debug] [2025-08-23T03:51:18.058Z] DEBUG: File /Users/humamal-nuaimi/AndroidStudioProjects/Rewin Webb/functions/index.js changed, reloading triggers
[debug] [2025-08-23T03:51:19.060Z] Validating nodejs source
[warn] ⚠  functions: package.json indicates an outdated version of firebase-functions. Please upgrade using npm install --save firebase-functions@latest in your functions directory. 
[warn] ⚠  functions: Please note that there will be breaking changes when you upgrade. 
[debug] [2025-08-23T03:51:19.718Z] > [functions] package.json contents: {
  "name": "functions",
  "version": "1.0.0",
  "main": "index.js",
  "scripts": {
    "serve": "firebase emulators:start --only functions",
    "shell": "firebase functions:shell",
    "start": "npm run shell",
    "deploy": "firebase deploy --only functions",
    "logs": "firebase functions:log"
  },
  "engines": {
    "node": "18"
  },
  "keywords": [
    "firebase",
    "functions",
    "campaigns",
    "automation"
  ],
  "author": "Rewin Team",
  "license": "ISC",
  "description": "Firebase Cloud Functions for automated campaign processing",
  "dependencies": {
    "firebase-admin": "^11.11.1",
    "firebase-functions": "^4.9.0"
  },
  "devDependencies": {
    "firebase-tools": "^14.14.0"
  }
}
[debug] [2025-08-23T03:51:19.719Z] Building nodejs source
[debug] [2025-08-23T03:51:19.719Z] Failed to find version of module node: reached end of search path /Users/humamal-nuaimi/AndroidStudioProjects/Rewin Webb/functions/node_modules
[warn] ⚠  functions: Your requested "node" version "18" doesn't match your global version "22". Using node@22 from host. 
[info] i  functions: You are using a version of firebase-functions SDK (4.9.0) that does not have support for the newest Firebase Extensions features. Please update firebase-functions SDK to >=5.1.0 to use them correctly 
[debug] [2025-08-23T03:51:19.719Z] Could not find functions.yaml. Must use http discovery
[debug] [2025-08-23T03:51:19.720Z] Found firebase-functions binary at '/Users/humamal-nuaimi/AndroidStudioProjects/Rewin Webb/functions/node_modules/.bin/firebase-functions'
[info] Serving at port 8056

[debug] [2025-08-23T03:51:20.123Z] Got response from /__/functions.yaml {"endpoints":{"processCampaignsManual":{"platform":"gcfv1","labels":{},"availableMemoryMb":null,"timeoutSeconds":null,"minInstances":null,"maxInstances":null,"ingressSettings":null,"serviceAccountEmail":null,"vpc":null,"callableTrigger":{},"entryPoint":"processCampaignsManual"},"processCampaigns":{"platform":"gcfv1","availableMemoryMb":null,"timeoutSeconds":null,"minInstances":null,"maxInstances":null,"ingressSettings":null,"serviceAccountEmail":null,"vpc":null,"scheduleTrigger":{"schedule":"0 * * * *","retryConfig":{"retryCount":null,"maxDoublings":null,"maxRetryDuration":null,"maxBackoffDuration":null,"minBackoffDuration":null},"timeZone":null},"labels":{},"entryPoint":"processCampaigns"}},"specVersion":"v1alpha1","requiredAPIs":[{"api":"cloudscheduler.googleapis.com","reason":"Needed for scheduled functions."}]}
[debug] [2025-08-23T03:51:24.131Z] [functions] Loaded functions definitions from source: processCampaignsManual, processCampaigns.
[debug] [2025-08-23T03:51:40.655Z] DEBUG: File /Users/humamal-nuaimi/AndroidStudioProjects/Rewin Webb/functions/index.js changed, reloading triggers
[debug] [2025-08-23T03:51:41.660Z] Validating nodejs source
[warn] ⚠  functions: package.json indicates an outdated version of firebase-functions. Please upgrade using npm install --save firebase-functions@latest in your functions directory. 
[warn] ⚠  functions: Please note that there will be breaking changes when you upgrade. 
[debug] [2025-08-23T03:51:42.028Z] > [functions] package.json contents: {
  "name": "functions",
  "version": "1.0.0",
  "main": "index.js",
  "scripts": {
    "serve": "firebase emulators:start --only functions",
    "shell": "firebase functions:shell",
    "start": "npm run shell",
    "deploy": "firebase deploy --only functions",
    "logs": "firebase functions:log"
  },
  "engines": {
    "node": "18"
  },
  "keywords": [
    "firebase",
    "functions",
    "campaigns",
    "automation"
  ],
  "author": "Rewin Team",
  "license": "ISC",
  "description": "Firebase Cloud Functions for automated campaign processing",
  "dependencies": {
    "firebase-admin": "^11.11.1",
    "firebase-functions": "^4.9.0"
  },
  "devDependencies": {
    "firebase-tools": "^14.14.0"
  }
}
[debug] [2025-08-23T03:51:42.028Z] Building nodejs source
[debug] [2025-08-23T03:51:42.028Z] Failed to find version of module node: reached end of search path /Users/humamal-nuaimi/AndroidStudioProjects/Rewin Webb/functions/node_modules
[warn] ⚠  functions: Your requested "node" version "18" doesn't match your global version "22". Using node@22 from host. 
[info] i  functions: You are using a version of firebase-functions SDK (4.9.0) that does not have support for the newest Firebase Extensions features. Please update firebase-functions SDK to >=5.1.0 to use them correctly 
[debug] [2025-08-23T03:51:42.028Z] Could not find functions.yaml. Must use http discovery
[debug] [2025-08-23T03:51:42.029Z] Found firebase-functions binary at '/Users/humamal-nuaimi/AndroidStudioProjects/Rewin Webb/functions/node_modules/.bin/firebase-functions'
[info] Serving at port 8446

[debug] [2025-08-23T03:51:42.176Z] Got response from /__/functions.yaml {"endpoints":{"processCampaignsManual":{"platform":"gcfv1","labels":{},"availableMemoryMb":null,"timeoutSeconds":null,"minInstances":null,"maxInstances":null,"ingressSettings":null,"serviceAccountEmail":null,"vpc":null,"callableTrigger":{},"entryPoint":"processCampaignsManual"},"processCampaigns":{"platform":"gcfv1","availableMemoryMb":null,"timeoutSeconds":null,"minInstances":null,"maxInstances":null,"ingressSettings":null,"serviceAccountEmail":null,"vpc":null,"scheduleTrigger":{"schedule":"0 * * * *","retryConfig":{"retryCount":null,"maxDoublings":null,"maxRetryDuration":null,"maxBackoffDuration":null,"minBackoffDuration":null},"timeZone":null},"labels":{},"entryPoint":"processCampaigns"}},"specVersion":"v1alpha1","requiredAPIs":[{"api":"cloudscheduler.googleapis.com","reason":"Needed for scheduled functions."}]}
[debug] [2025-08-23T03:51:46.191Z] [functions] Loaded functions definitions from source: processCampaignsManual, processCampaigns.
[debug] [2025-08-23T04:07:22.499Z] DEBUG: File /Users/humamal-nuaimi/AndroidStudioProjects/Rewin Webb/functions/index.js changed, reloading triggers
[debug] [2025-08-23T04:07:23.501Z] Validating nodejs source
[warn] ⚠  functions: package.json indicates an outdated version of firebase-functions. Please upgrade using npm install --save firebase-functions@latest in your functions directory. 
[warn] ⚠  functions: Please note that there will be breaking changes when you upgrade. 
[debug] [2025-08-23T04:07:24.018Z] > [functions] package.json contents: {
  "name": "functions",
  "version": "1.0.0",
  "main": "index.js",
  "scripts": {
    "serve": "firebase emulators:start --only functions",
    "shell": "firebase functions:shell",
    "start": "npm run shell",
    "deploy": "firebase deploy --only functions",
    "logs": "firebase functions:log"
  },
  "engines": {
    "node": "18"
  },
  "keywords": [
    "firebase",
    "functions",
    "campaigns",
    "automation"
  ],
  "author": "Rewin Team",
  "license": "ISC",
  "description": "Firebase Cloud Functions for automated campaign processing",
  "dependencies": {
    "firebase-admin": "^11.11.1",
    "firebase-functions": "^4.9.0"
  },
  "devDependencies": {
    "firebase-tools": "^14.14.0"
  }
}
[debug] [2025-08-23T04:07:24.018Z] Building nodejs source
[debug] [2025-08-23T04:07:24.018Z] Failed to find version of module node: reached end of search path /Users/humamal-nuaimi/AndroidStudioProjects/Rewin Webb/functions/node_modules
[warn] ⚠  functions: Your requested "node" version "18" doesn't match your global version "22". Using node@22 from host. 
[info] i  functions: You are using a version of firebase-functions SDK (4.9.0) that does not have support for the newest Firebase Extensions features. Please update firebase-functions SDK to >=5.1.0 to use them correctly 
[debug] [2025-08-23T04:07:24.019Z] Could not find functions.yaml. Must use http discovery
[debug] [2025-08-23T04:07:24.020Z] Found firebase-functions binary at '/Users/humamal-nuaimi/AndroidStudioProjects/Rewin Webb/functions/node_modules/.bin/firebase-functions'
[info] Serving at port 8353

[debug] [2025-08-23T04:07:24.294Z] Got response from /__/functions.yaml {"endpoints":{"processCampaignsManual":{"platform":"gcfv1","labels":{},"availableMemoryMb":null,"timeoutSeconds":null,"minInstances":null,"maxInstances":null,"ingressSettings":null,"serviceAccountEmail":null,"vpc":null,"callableTrigger":{},"entryPoint":"processCampaignsManual"},"processCampaigns":{"platform":"gcfv1","availableMemoryMb":null,"timeoutSeconds":null,"minInstances":null,"maxInstances":null,"ingressSettings":null,"serviceAccountEmail":null,"vpc":null,"scheduleTrigger":{"schedule":"0 * * * *","retryConfig":{"retryCount":null,"maxDoublings":null,"maxRetryDuration":null,"maxBackoffDuration":null,"minBackoffDuration":null},"timeZone":null},"labels":{},"entryPoint":"processCampaigns"}},"specVersion":"v1alpha1","requiredAPIs":[{"api":"cloudscheduler.googleapis.com","reason":"Needed for scheduled functions."}]}
[debug] [2025-08-23T04:07:28.303Z] [functions] Loaded functions definitions from source: processCampaignsManual, processCampaigns.
[debug] [2025-08-23T04:07:34.684Z] DEBUG: File /Users/humamal-nuaimi/AndroidStudioProjects/Rewin Webb/functions/index.js changed, reloading triggers
[debug] [2025-08-23T04:07:35.686Z] Validating nodejs source
[warn] ⚠  functions: package.json indicates an outdated version of firebase-functions. Please upgrade using npm install --save firebase-functions@latest in your functions directory. 
[warn] ⚠  functions: Please note that there will be breaking changes when you upgrade. 
[debug] [2025-08-23T04:07:36.040Z] > [functions] package.json contents: {
  "name": "functions",
  "version": "1.0.0",
  "main": "index.js",
  "scripts": {
    "serve": "firebase emulators:start --only functions",
    "shell": "firebase functions:shell",
    "start": "npm run shell",
    "deploy": "firebase deploy --only functions",
    "logs": "firebase functions:log"
  },
  "engines": {
    "node": "18"
  },
  "keywords": [
    "firebase",
    "functions",
    "campaigns",
    "automation"
  ],
  "author": "Rewin Team",
  "license": "ISC",
  "description": "Firebase Cloud Functions for automated campaign processing",
  "dependencies": {
    "firebase-admin": "^11.11.1",
    "firebase-functions": "^4.9.0"
  },
  "devDependencies": {
    "firebase-tools": "^14.14.0"
  }
}
[debug] [2025-08-23T04:07:36.040Z] Building nodejs source
[debug] [2025-08-23T04:07:36.040Z] Failed to find version of module node: reached end of search path /Users/humamal-nuaimi/AndroidStudioProjects/Rewin Webb/functions/node_modules
[warn] ⚠  functions: Your requested "node" version "18" doesn't match your global version "22". Using node@22 from host. 
[info] i  functions: You are using a version of firebase-functions SDK (4.9.0) that does not have support for the newest Firebase Extensions features. Please update firebase-functions SDK to >=5.1.0 to use them correctly 
[debug] [2025-08-23T04:07:36.040Z] Could not find functions.yaml. Must use http discovery
[debug] [2025-08-23T04:07:36.041Z] Found firebase-functions binary at '/Users/humamal-nuaimi/AndroidStudioProjects/Rewin Webb/functions/node_modules/.bin/firebase-functions'
[info] Serving at port 8397

[debug] [2025-08-23T04:07:36.198Z] Got response from /__/functions.yaml {"endpoints":{"processCampaignsManual":{"platform":"gcfv1","labels":{},"availableMemoryMb":null,"timeoutSeconds":null,"minInstances":null,"maxInstances":null,"ingressSettings":null,"serviceAccountEmail":null,"vpc":null,"callableTrigger":{},"entryPoint":"processCampaignsManual"},"processCampaigns":{"platform":"gcfv1","availableMemoryMb":null,"timeoutSeconds":null,"minInstances":null,"maxInstances":null,"ingressSettings":null,"serviceAccountEmail":null,"vpc":null,"scheduleTrigger":{"schedule":"0 * * * *","retryConfig":{"retryCount":null,"maxDoublings":null,"maxRetryDuration":null,"maxBackoffDuration":null,"minBackoffDuration":null},"timeZone":null},"labels":{},"entryPoint":"processCampaigns"}},"specVersion":"v1alpha1","requiredAPIs":[{"api":"cloudscheduler.googleapis.com","reason":"Needed for scheduled functions."}]}
[debug] [2025-08-23T04:07:40.206Z] [functions] Loaded functions definitions from source: processCampaignsManual, processCampaigns.
[debug] [2025-08-23T04:07:54.109Z] DEBUG: File /Users/humamal-nuaimi/AndroidStudioProjects/Rewin Webb/functions/index.js changed, reloading triggers
[debug] [2025-08-23T04:07:55.111Z] Validating nodejs source
[warn] ⚠  functions: package.json indicates an outdated version of firebase-functions. Please upgrade using npm install --save firebase-functions@latest in your functions directory. 
[warn] ⚠  functions: Please note that there will be breaking changes when you upgrade. 
[debug] [2025-08-23T04:07:55.442Z] > [functions] package.json contents: {
  "name": "functions",
  "version": "1.0.0",
  "main": "index.js",
  "scripts": {
    "serve": "firebase emulators:start --only functions",
    "shell": "firebase functions:shell",
    "start": "npm run shell",
    "deploy": "firebase deploy --only functions",
    "logs": "firebase functions:log"
  },
  "engines": {
    "node": "18"
  },
  "keywords": [
    "firebase",
    "functions",
    "campaigns",
    "automation"
  ],
  "author": "Rewin Team",
  "license": "ISC",
  "description": "Firebase Cloud Functions for automated campaign processing",
  "dependencies": {
    "firebase-admin": "^11.11.1",
    "firebase-functions": "^4.9.0"
  },
  "devDependencies": {
    "firebase-tools": "^14.14.0"
  }
}
[debug] [2025-08-23T04:07:55.442Z] Building nodejs source
[debug] [2025-08-23T04:07:55.442Z] Failed to find version of module node: reached end of search path /Users/humamal-nuaimi/AndroidStudioProjects/Rewin Webb/functions/node_modules
[warn] ⚠  functions: Your requested "node" version "18" doesn't match your global version "22". Using node@22 from host. 
[info] i  functions: You are using a version of firebase-functions SDK (4.9.0) that does not have support for the newest Firebase Extensions features. Please update firebase-functions SDK to >=5.1.0 to use them correctly 
[debug] [2025-08-23T04:07:55.442Z] Could not find functions.yaml. Must use http discovery
[debug] [2025-08-23T04:07:55.443Z] Found firebase-functions binary at '/Users/humamal-nuaimi/AndroidStudioProjects/Rewin Webb/functions/node_modules/.bin/firebase-functions'
[info] Serving at port 8591

[debug] [2025-08-23T04:07:55.587Z] Got response from /__/functions.yaml {"endpoints":{"processCampaignsManual":{"platform":"gcfv1","labels":{},"availableMemoryMb":null,"timeoutSeconds":null,"minInstances":null,"maxInstances":null,"ingressSettings":null,"serviceAccountEmail":null,"vpc":null,"callableTrigger":{},"entryPoint":"processCampaignsManual"},"processCampaigns":{"platform":"gcfv1","availableMemoryMb":null,"timeoutSeconds":null,"minInstances":null,"maxInstances":null,"ingressSettings":null,"serviceAccountEmail":null,"vpc":null,"scheduleTrigger":{"schedule":"0 * * * *","retryConfig":{"retryCount":null,"maxDoublings":null,"maxRetryDuration":null,"maxBackoffDuration":null,"minBackoffDuration":null},"timeZone":null},"labels":{},"entryPoint":"processCampaigns"}},"specVersion":"v1alpha1","requiredAPIs":[{"api":"cloudscheduler.googleapis.com","reason":"Needed for scheduled functions."}]}
[debug] [2025-08-23T04:07:59.600Z] [functions] Loaded functions definitions from source: processCampaignsManual, processCampaigns.
[debug] [2025-08-23T04:13:39.540Z] DEBUG: File /Users/humamal-nuaimi/AndroidStudioProjects/Rewin Webb/functions/index.js changed, reloading triggers
[debug] [2025-08-23T04:13:40.543Z] Validating nodejs source
[warn] ⚠  functions: package.json indicates an outdated version of firebase-functions. Please upgrade using npm install --save firebase-functions@latest in your functions directory. 
[warn] ⚠  functions: Please note that there will be breaking changes when you upgrade. 
[debug] [2025-08-23T04:13:41.018Z] > [functions] package.json contents: {
  "name": "functions",
  "version": "1.0.0",
  "main": "index.js",
  "scripts": {
    "serve": "firebase emulators:start --only functions",
    "shell": "firebase functions:shell",
    "start": "npm run shell",
    "deploy": "firebase deploy --only functions",
    "logs": "firebase functions:log"
  },
  "engines": {
    "node": "18"
  },
  "keywords": [
    "firebase",
    "functions",
    "campaigns",
    "automation"
  ],
  "author": "Rewin Team",
  "license": "ISC",
  "description": "Firebase Cloud Functions for automated campaign processing",
  "dependencies": {
    "firebase-admin": "^11.11.1",
    "firebase-functions": "^4.9.0"
  },
  "devDependencies": {
    "firebase-tools": "^14.14.0"
  }
}
[debug] [2025-08-23T04:13:41.019Z] Building nodejs source
[debug] [2025-08-23T04:13:41.019Z] Failed to find version of module node: reached end of search path /Users/humamal-nuaimi/AndroidStudioProjects/Rewin Webb/functions/node_modules
[warn] ⚠  functions: Your requested "node" version "18" doesn't match your global version "22". Using node@22 from host. 
[info] i  functions: You are using a version of firebase-functions SDK (4.9.0) that does not have support for the newest Firebase Extensions features. Please update firebase-functions SDK to >=5.1.0 to use them correctly 
[debug] [2025-08-23T04:13:41.019Z] Could not find functions.yaml. Must use http discovery
[debug] [2025-08-23T04:13:41.020Z] Found firebase-functions binary at '/Users/humamal-nuaimi/AndroidStudioProjects/Rewin Webb/functions/node_modules/.bin/firebase-functions'
[info] Serving at port 8797

[debug] [2025-08-23T04:13:41.358Z] Got response from /__/functions.yaml {"endpoints":{"processCampaignsManual":{"platform":"gcfv1","labels":{},"availableMemoryMb":null,"timeoutSeconds":null,"minInstances":null,"maxInstances":null,"ingressSettings":null,"serviceAccountEmail":null,"vpc":null,"callableTrigger":{},"entryPoint":"processCampaignsManual"},"processCampaigns":{"platform":"gcfv1","availableMemoryMb":null,"timeoutSeconds":null,"minInstances":null,"maxInstances":null,"ingressSettings":null,"serviceAccountEmail":null,"vpc":null,"scheduleTrigger":{"schedule":"0 * * * *","retryConfig":{"retryCount":null,"maxDoublings":null,"maxRetryDuration":null,"maxBackoffDuration":null,"minBackoffDuration":null},"timeZone":null},"labels":{},"entryPoint":"processCampaigns"}},"specVersion":"v1alpha1","requiredAPIs":[{"api":"cloudscheduler.googleapis.com","reason":"Needed for scheduled functions."}]}
[debug] [2025-08-23T04:13:45.369Z] [functions] Loaded functions definitions from source: processCampaignsManual, processCampaigns.
[debug] [2025-08-23T04:13:52.248Z] DEBUG: File /Users/humamal-nuaimi/AndroidStudioProjects/Rewin Webb/functions/index.js changed, reloading triggers
[debug] [2025-08-23T04:13:53.250Z] Validating nodejs source
[warn] ⚠  functions: package.json indicates an outdated version of firebase-functions. Please upgrade using npm install --save firebase-functions@latest in your functions directory. 
[warn] ⚠  functions: Please note that there will be breaking changes when you upgrade. 
[debug] [2025-08-23T04:13:53.686Z] > [functions] package.json contents: {
  "name": "functions",
  "version": "1.0.0",
  "main": "index.js",
  "scripts": {
    "serve": "firebase emulators:start --only functions",
    "shell": "firebase functions:shell",
    "start": "npm run shell",
    "deploy": "firebase deploy --only functions",
    "logs": "firebase functions:log"
  },
  "engines": {
    "node": "18"
  },
  "keywords": [
    "firebase",
    "functions",
    "campaigns",
    "automation"
  ],
  "author": "Rewin Team",
  "license": "ISC",
  "description": "Firebase Cloud Functions for automated campaign processing",
  "dependencies": {
    "firebase-admin": "^11.11.1",
    "firebase-functions": "^4.9.0"
  },
  "devDependencies": {
    "firebase-tools": "^14.14.0"
  }
}
[debug] [2025-08-23T04:13:53.686Z] Building nodejs source
[debug] [2025-08-23T04:13:53.686Z] Failed to find version of module node: reached end of search path /Users/humamal-nuaimi/AndroidStudioProjects/Rewin Webb/functions/node_modules
[warn] ⚠  functions: Your requested "node" version "18" doesn't match your global version "22". Using node@22 from host. 
[info] i  functions: You are using a version of firebase-functions SDK (4.9.0) that does not have support for the newest Firebase Extensions features. Please update firebase-functions SDK to >=5.1.0 to use them correctly 
[debug] [2025-08-23T04:13:53.686Z] Could not find functions.yaml. Must use http discovery
[debug] [2025-08-23T04:13:53.687Z] Found firebase-functions binary at '/Users/humamal-nuaimi/AndroidStudioProjects/Rewin Webb/functions/node_modules/.bin/firebase-functions'
[info] Serving at port 8813

[debug] [2025-08-23T04:13:53.905Z] Got response from /__/functions.yaml {"endpoints":{"processCampaignsManual":{"platform":"gcfv1","labels":{},"availableMemoryMb":null,"timeoutSeconds":null,"minInstances":null,"maxInstances":null,"ingressSettings":null,"serviceAccountEmail":null,"vpc":null,"callableTrigger":{},"entryPoint":"processCampaignsManual"},"processCampaigns":{"platform":"gcfv1","availableMemoryMb":null,"timeoutSeconds":null,"minInstances":null,"maxInstances":null,"ingressSettings":null,"serviceAccountEmail":null,"vpc":null,"scheduleTrigger":{"schedule":"0 * * * *","retryConfig":{"retryCount":null,"maxDoublings":null,"maxRetryDuration":null,"maxBackoffDuration":null,"minBackoffDuration":null},"timeZone":null},"labels":{},"entryPoint":"processCampaigns"}},"specVersion":"v1alpha1","requiredAPIs":[{"api":"cloudscheduler.googleapis.com","reason":"Needed for scheduled functions."}]}
[debug] [2025-08-23T04:13:57.915Z] [functions] Loaded functions definitions from source: processCampaignsManual, processCampaigns.
[debug] [2025-08-23T04:14:12.652Z] DEBUG: File /Users/humamal-nuaimi/AndroidStudioProjects/Rewin Webb/functions/index.js changed, reloading triggers
[debug] [2025-08-23T04:14:13.653Z] Validating nodejs source
[warn] ⚠  functions: package.json indicates an outdated version of firebase-functions. Please upgrade using npm install --save firebase-functions@latest in your functions directory. 
[warn] ⚠  functions: Please note that there will be breaking changes when you upgrade. 
[debug] [2025-08-23T04:14:14.003Z] > [functions] package.json contents: {
  "name": "functions",
  "version": "1.0.0",
  "main": "index.js",
  "scripts": {
    "serve": "firebase emulators:start --only functions",
    "shell": "firebase functions:shell",
    "start": "npm run shell",
    "deploy": "firebase deploy --only functions",
    "logs": "firebase functions:log"
  },
  "engines": {
    "node": "18"
  },
  "keywords": [
    "firebase",
    "functions",
    "campaigns",
    "automation"
  ],
  "author": "Rewin Team",
  "license": "ISC",
  "description": "Firebase Cloud Functions for automated campaign processing",
  "dependencies": {
    "firebase-admin": "^11.11.1",
    "firebase-functions": "^4.9.0"
  },
  "devDependencies": {
    "firebase-tools": "^14.14.0"
  }
}
[debug] [2025-08-23T04:14:14.003Z] Building nodejs source
[debug] [2025-08-23T04:14:14.003Z] Failed to find version of module node: reached end of search path /Users/humamal-nuaimi/AndroidStudioProjects/Rewin Webb/functions/node_modules
[warn] ⚠  functions: Your requested "node" version "18" doesn't match your global version "22". Using node@22 from host. 
[info] i  functions: You are using a version of firebase-functions SDK (4.9.0) that does not have support for the newest Firebase Extensions features. Please update firebase-functions SDK to >=5.1.0 to use them correctly 
[debug] [2025-08-23T04:14:14.003Z] Could not find functions.yaml. Must use http discovery
[debug] [2025-08-23T04:14:14.004Z] Found firebase-functions binary at '/Users/humamal-nuaimi/AndroidStudioProjects/Rewin Webb/functions/node_modules/.bin/firebase-functions'
[info] Serving at port 8376

[debug] [2025-08-23T04:14:14.147Z] Got response from /__/functions.yaml {"endpoints":{"processCampaignsManual":{"platform":"gcfv1","labels":{},"availableMemoryMb":null,"timeoutSeconds":null,"minInstances":null,"maxInstances":null,"ingressSettings":null,"serviceAccountEmail":null,"vpc":null,"callableTrigger":{},"entryPoint":"processCampaignsManual"},"processCampaigns":{"platform":"gcfv1","availableMemoryMb":null,"timeoutSeconds":null,"minInstances":null,"maxInstances":null,"ingressSettings":null,"serviceAccountEmail":null,"vpc":null,"scheduleTrigger":{"schedule":"0 * * * *","retryConfig":{"retryCount":null,"maxDoublings":null,"maxRetryDuration":null,"maxBackoffDuration":null,"minBackoffDuration":null},"timeZone":null},"labels":{},"entryPoint":"processCampaigns"}},"specVersion":"v1alpha1","requiredAPIs":[{"api":"cloudscheduler.googleapis.com","reason":"Needed for scheduled functions."}]}
[debug] [2025-08-23T04:14:18.157Z] [functions] Loaded functions definitions from source: processCampaignsManual, processCampaigns.
